[ 2015-08-10 12:30:55.2286 6523/7fcf173937c0 age/Wat/Main.cpp:1274 ]: Starting Passenger watchdog...
[ 2015-08-10 12:30:55.2356 6526/7f7d3b3877c0 age/Cor/Main.cpp:957 ]: Starting Passenger core...
[ 2015-08-10 12:30:55.2358 6526/7f7d3b3877c0 age/Cor/Main.cpp:234 ]: Passenger core running in multi-application mode.
[ 2015-08-10 12:30:55.2381 6526/7f7d3b3877c0 age/Cor/Main.cpp:707 ]: Passenger core online, PID 6526
[ 2015-08-10 12:30:55.2449 6542/7f7576a8c7c0 age/Ust/Main.cpp:430 ]: Starting Passenger UstRouter...
[ 2015-08-10 12:30:55.2472 6542/7f7576a8c7c0 age/Ust/Main.cpp:311 ]: Passenger UstRouter online, PID 6542
App 6586 stdout: 
App 6586 stdout: [[[[[ ~/Dropbox/server/spd ]]]]]
App 6586 stdout: 
App 6586 stdout: => Started proxy.
App 6586 stdout: => Meteor 1.1.0.3 is available. Update this project with 'meteor update'.
App 6586 stdout: => Started MongoDB.
App 6586 stdout: [34mI20150810-12:31:04.883(-4)? [39m ______  
App 6586 stdout: [34mI20150810-12:31:04.884(-4)? [39m \    / 
App 6586 stdout: [34mI20150810-12:31:04.884(-4)? [39m  \  /  
App 6586 stdout: [34mI20150810-12:31:04.884(-4)? [39m   \/   
App 6586 stdout: [34mI20150810-12:31:04.884(-4)? [39mmaking settings
App 6586 stdout: [34mI20150810-12:31:04.884(-4)? [39m   /\   
App 6586 stdout: [34mI20150810-12:31:04.884(-4)? [39m  /  \  
App 6586 stdout: [34mI20150810-12:31:04.885(-4)? [39m /    \ 
App 6586 stdout: [34mI20150810-12:31:04.885(-4)? [39m ------  
App 6586 stdout: [34mI20150810-12:31:04.984(-4)? [39mI will now create the initial input settings....
App 6586 stdout: [34mI20150810-12:31:05.384(-4)? [39mbody:  <div></div>
App 6586 stdout: => Started your app.
App 6586 stdout: 
App 6586 stdout: => App running at: http://localhost:2593/
App 6586 stdout: [34mI20150810-12:34:23.326(-4)? [39mUser login:  CZdo3nTefRnhCbFC4 kshowalter@fsec.ucf.edu
App 6586 stdout: [34mI20150810-12:34:23.327(-4)? [39mmaking settings
App 6586 stdout: [34mI20150810-12:34:23.487(-4)? [39mgenerate based on:  settings
App 6586 stdout: => Client modified -- refreshing
App 6586 stdout: 
App 6586 stdout: [34mI20150810-14:10:35.197(-4)? [39mUser login:  CZdo3nTefRnhCbFC4 kshowalter@fsec.ucf.edu
App 6586 stdout: [34mI20150810-14:10:35.197(-4)? [39mmaking settings
App 6586 stdout: [34mI20150810-14:10:35.300(-4)? [39mgenerate based on:  settings
App 6586 stdout: => Client modified -- refreshing
App 6586 stdout: 
App 6586 stdout: [34mI20150810-14:10:39.271(-4)? [39mUser login:  CZdo3nTefRnhCbFC4 kshowalter@fsec.ucf.edu
App 6586 stdout: [34mI20150810-14:10:39.271(-4)? [39mmaking settings
App 6586 stdout: [34mI20150810-14:10:39.447(-4)? [39mgenerate based on:  settings
